This is pdfTeX, Version 3.141592653-2.6-1.40.24 (TeX Live 2022) (preloaded format=pdflatex 2023.2.15)  26 FEB 2023 17:14
entering extended mode
 restricted \write18 enabled.
 file:line:error style messages enabled.
 %&-line parsing enabled.
**/Users/bickpenna/Documents/GitHub/Biblioteca/Basi/Documentazione/LateX/main.tex
(/Users/bickpenna/Documents/GitHub/Biblioteca/Basi/Documentazione/LateX/main.tex
LaTeX2e <2021-11-15> patch level 1
L3 programming layer <2022-02-24> (/usr/local/texlive/2022/texmf-dist/tex/latex/base/report.cls
Document Class: report 2021/10/04 v1.4n Standard LaTeX document class
(/usr/local/texlive/2022/texmf-dist/tex/latex/base/size10.clo
File: size10.clo 2021/10/04 v1.4n Standard LaTeX file (size option)
)
\c@part=\count185
\c@chapter=\count186
\c@section=\count187
\c@subsection=\count188
\c@subsubsection=\count189
\c@paragraph=\count190
\c@subparagraph=\count191
\c@figure=\count192
\c@table=\count193
\abovecaptionskip=\skip47
\belowcaptionskip=\skip48
\bibindent=\dimen138
) (/usr/local/texlive/2022/texmf-dist/tex/latex/base/inputenc.sty
Package: inputenc 2021/02/14 v1.3d Input encoding file
\inpenc@prehook=\toks16
\inpenc@posthook=\toks17
) (/usr/local/texlive/2022/texmf-dist/tex/latex/booktabs/booktabs.sty
Package: booktabs 2020/01/12 v1.61803398 Publication quality tables
\heavyrulewidth=\dimen139
\lightrulewidth=\dimen140
\cmidrulewidth=\dimen141
\belowrulesep=\dimen142
\belowbottomsep=\dimen143
\aboverulesep=\dimen144
\abovetopsep=\dimen145
\cmidrulesep=\dimen146
\cmidrulekern=\dimen147
\defaultaddspace=\dimen148
\@cmidla=\count194
\@cmidlb=\count195
\@aboverulesep=\dimen149
\@belowrulesep=\dimen150
\@thisruleclass=\count196
\@lastruleclass=\count197
\@thisrulewidth=\dimen151
) (/usr/local/texlive/2022/texmf-dist/tex/latex/graphics/graphicx.sty
Package: graphicx 2021/09/16 v1.2d Enhanced LaTeX Graphics (DPC,SPQR)
 (/usr/local/texlive/2022/texmf-dist/tex/latex/graphics/keyval.sty
Package: keyval 2014/10/28 v1.15 key=value parser (DPC)
\KV@toks@=\toks18
) (/usr/local/texlive/2022/texmf-dist/tex/latex/graphics/graphics.sty
Package: graphics 2021/03/04 v1.4d Standard LaTeX Graphics (DPC,SPQR)
 (/usr/local/texlive/2022/texmf-dist/tex/latex/graphics/trig.sty
Package: trig 2021/08/11 v1.11 sin cos tan (DPC)
) (/usr/local/texlive/2022/texmf-dist/tex/latex/graphics-cfg/graphics.cfg
File: graphics.cfg 2016/06/04 v1.11 sample graphics configuration
)
Package graphics Info: Driver file: pdftex.def on input line 107.
 (/usr/local/texlive/2022/texmf-dist/tex/latex/graphics-def/pdftex.def
File: pdftex.def 2020/10/05 v1.2a Graphics/color driver for pdftex
))
\Gin@req@height=\dimen152
\Gin@req@width=\dimen153
) (/usr/local/texlive/2022/texmf-dist/tex/generic/babel/babel.sty
Package: babel 2022/02/26 3.73 The Babel package
\babel@savecnt=\count198
\U@D=\dimen154
\l@unhyphenated=\language87
 (/usr/local/texlive/2022/texmf-dist/tex/generic/babel/txtbabel.def)
\bbl@readstream=\read2
\bbl@dirlevel=\count199
 (/usr/local/texlive/2022/texmf-dist/tex/generic/babel-italian/italian.ldf
Language: italian 2020/05/21 v.1.4.04 Italian support for the babel system
\it@lettering=\count266
\it@doublequoteactive=\count267
\it@ISOcompliance=\count268
)) (/usr/local/texlive/2022/texmf-dist/tex/latex/etoolbox/etoolbox.sty
Package: etoolbox 2020/10/05 v2.5k e-TeX tools for LaTeX (JAW)
\etb@tempcnta=\count269
) (/usr/local/texlive/2022/texmf-dist/tex/latex/xcolor/xcolor.sty
Package: xcolor 2021/10/31 v2.13 LaTeX color extensions (UK)
 (/usr/local/texlive/2022/texmf-dist/tex/latex/graphics-cfg/color.cfg
File: color.cfg 2016/01/02 v1.6 sample color configuration
)
Package xcolor Info: Driver file: pdftex.def on input line 227.
Package xcolor Info: Model `cmy' substituted by `cmy0' on input line 1352.
Package xcolor Info: Model `hsb' substituted by `rgb' on input line 1356.
Package xcolor Info: Model `RGB' extended on input line 1368.
Package xcolor Info: Model `HTML' substituted by `rgb' on input line 1370.
Package xcolor Info: Model `Hsb' substituted by `hsb' on input line 1371.
Package xcolor Info: Model `tHsb' substituted by `hsb' on input line 1372.
Package xcolor Info: Model `HSB' substituted by `hsb' on input line 1373.
Package xcolor Info: Model `Gray' substituted by `gray' on input line 1374.
Package xcolor Info: Model `wave' substituted by `hsb' on input line 1375.
) (/usr/local/texlive/2022/texmf-dist/tex/latex/hyperref/hyperref.sty
Package: hyperref 2022-02-21 v7.00n Hypertext links for LaTeX
 (/usr/local/texlive/2022/texmf-dist/tex/generic/ltxcmds/ltxcmds.sty
Package: ltxcmds 2020-05-10 v1.25 LaTeX kernel commands for general use (HO)
) (/usr/local/texlive/2022/texmf-dist/tex/generic/iftex/iftex.sty
Package: iftex 2022/02/03 v1.0f TeX engine tests
) (/usr/local/texlive/2022/texmf-dist/tex/generic/pdftexcmds/pdftexcmds.sty
Package: pdftexcmds 2020-06-27 v0.33 Utility functions of pdfTeX for LuaTeX (HO)
 (/usr/local/texlive/2022/texmf-dist/tex/generic/infwarerr/infwarerr.sty
Package: infwarerr 2019/12/03 v1.5 Providing info/warning/error messages (HO)
)
Package pdftexcmds Info: \pdf@primitive is available.
Package pdftexcmds Info: \pdf@ifprimitive is available.
Package pdftexcmds Info: \pdfdraftmode found.
) (/usr/local/texlive/2022/texmf-dist/tex/generic/kvsetkeys/kvsetkeys.sty
Package: kvsetkeys 2019/12/15 v1.18 Key value parser (HO)
) (/usr/local/texlive/2022/texmf-dist/tex/generic/kvdefinekeys/kvdefinekeys.sty
Package: kvdefinekeys 2019-12-19 v1.6 Define keys (HO)
) (/usr/local/texlive/2022/texmf-dist/tex/generic/pdfescape/pdfescape.sty
Package: pdfescape 2019/12/09 v1.15 Implements pdfTeX's escape features (HO)
) (/usr/local/texlive/2022/texmf-dist/tex/latex/hycolor/hycolor.sty
Package: hycolor 2020-01-27 v1.10 Color options for hyperref/bookmark (HO)
) (/usr/local/texlive/2022/texmf-dist/tex/latex/letltxmacro/letltxmacro.sty
Package: letltxmacro 2019/12/03 v1.6 Let assignment for LaTeX macros (HO)
) (/usr/local/texlive/2022/texmf-dist/tex/latex/auxhook/auxhook.sty
Package: auxhook 2019-12-17 v1.6 Hooks for auxiliary files (HO)
) (/usr/local/texlive/2022/texmf-dist/tex/latex/kvoptions/kvoptions.sty
Package: kvoptions 2020-10-07 v3.14 Key value format for package options (HO)
)
\@linkdim=\dimen155
\Hy@linkcounter=\count270
\Hy@pagecounter=\count271
 (/usr/local/texlive/2022/texmf-dist/tex/latex/hyperref/pd1enc.def
File: pd1enc.def 2022-02-21 v7.00n Hyperref: PDFDocEncoding definition (HO)
Now handling font encoding PD1 ...
... no UTF-8 mapping file for font encoding PD1
) (/usr/local/texlive/2022/texmf-dist/tex/generic/intcalc/intcalc.sty
Package: intcalc 2019/12/15 v1.3 Expandable calculations with integers (HO)
) (/usr/local/texlive/2022/texmf-dist/tex/generic/etexcmds/etexcmds.sty
Package: etexcmds 2019/12/15 v1.7 Avoid name clashes with e-TeX commands (HO)
)
\Hy@SavedSpaceFactor=\count272
 (/usr/local/texlive/2022/texmf-dist/tex/latex/hyperref/puenc.def
File: puenc.def 2022-02-21 v7.00n Hyperref: PDF Unicode definition (HO)
Now handling font encoding PU ...
... no UTF-8 mapping file for font encoding PU
)
Package hyperref Info: Hyper figures OFF on input line 4137.
Package hyperref Info: Link nesting OFF on input line 4142.
Package hyperref Info: Hyper index ON on input line 4145.
Package hyperref Info: Plain pages OFF on input line 4152.
Package hyperref Info: Backreferencing OFF on input line 4157.
Package hyperref Info: Implicit mode ON; LaTeX internals redefined.
Package hyperref Info: Bookmarks ON on input line 4390.
\c@Hy@tempcnt=\count273
 (/usr/local/texlive/2022/texmf-dist/tex/latex/url/url.sty
\Urlmuskip=\muskip16
Package: url 2013/09/16  ver 3.4  Verb mode for urls, etc.
)
LaTeX Info: Redefining \url on input line 4749.
\XeTeXLinkMargin=\dimen156
 (/usr/local/texlive/2022/texmf-dist/tex/generic/bitset/bitset.sty
Package: bitset 2019/12/09 v1.3 Handle bit-vector datatype (HO)
 (/usr/local/texlive/2022/texmf-dist/tex/generic/bigintcalc/bigintcalc.sty
Package: bigintcalc 2019/12/15 v1.5 Expandable calculations on big integers (HO)
))
\Fld@menulength=\count274
\Field@Width=\dimen157
\Fld@charsize=\dimen158
Package hyperref Info: Hyper figures OFF on input line 6027.
Package hyperref Info: Link nesting OFF on input line 6032.
Package hyperref Info: Hyper index ON on input line 6035.
Package hyperref Info: backreferencing OFF on input line 6042.
Package hyperref Info: Link coloring OFF on input line 6047.
Package hyperref Info: Link coloring with OCG OFF on input line 6052.
Package hyperref Info: PDF/A mode OFF on input line 6057.
LaTeX Info: Redefining \ref on input line 6097.
LaTeX Info: Redefining \pageref on input line 6101.
 (/usr/local/texlive/2022/texmf-dist/tex/latex/base/atbegshi-ltx.sty
Package: atbegshi-ltx 2021/01/10 v1.0c Emulation of the original atbegshi
package with kernel methods
)
\Hy@abspage=\count275
\c@Item=\count276
\c@Hfootnote=\count277
)
Package hyperref Info: Driver (autodetected): hpdftex.
 (/usr/local/texlive/2022/texmf-dist/tex/latex/hyperref/hpdftex.def
File: hpdftex.def 2022-02-21 v7.00n Hyperref driver for pdfTeX
 (/usr/local/texlive/2022/texmf-dist/tex/latex/base/atveryend-ltx.sty
Package: atveryend-ltx 2020/08/19 v1.0a Emulation of the original atveryend package
with kernel methods
)
\Fld@listcount=\count278
\c@bookmark@seq@number=\count279
 (/usr/local/texlive/2022/texmf-dist/tex/latex/rerunfilecheck/rerunfilecheck.sty
Package: rerunfilecheck 2019/12/05 v1.9 Rerun checks for auxiliary files (HO)
 (/usr/local/texlive/2022/texmf-dist/tex/generic/uniquecounter/uniquecounter.sty
Package: uniquecounter 2019/12/15 v1.4 Provide unlimited unique counter (HO)
)
Package uniquecounter Info: New unique counter `rerunfilecheck' on input line 286.
)
\Hy@SectionHShift=\skip49
) (/usr/local/texlive/2022/texmf-dist/tex/latex/tools/longtable.sty
Package: longtable 2021-09-01 v4.17 Multi-page Table package (DPC)
\LTleft=\skip50
\LTright=\skip51
\LTpre=\skip52
\LTpost=\skip53
\LTchunksize=\count280
\LTcapwidth=\dimen159
\LT@head=\box50
\LT@firsthead=\box51
\LT@foot=\box52
\LT@lastfoot=\box53
\LT@gbox=\box54
\LT@cols=\count281
\LT@rows=\count282
\c@LT@tables=\count283
\c@LT@chunks=\count284
\LT@p@ftn=\toks19
) (/usr/local/texlive/2022/texmf-dist/tex/latex/listings/listings.sty
\lst@mode=\count285
\lst@gtempboxa=\box55
\lst@token=\toks20
\lst@length=\count286
\lst@currlwidth=\dimen160
\lst@column=\count287
\lst@pos=\count288
\lst@lostspace=\dimen161
\lst@width=\dimen162
\lst@newlines=\count289
\lst@lineno=\count290
\lst@maxwidth=\dimen163
 (/usr/local/texlive/2022/texmf-dist/tex/latex/listings/lstmisc.sty
File: lstmisc.sty 2020/03/24 1.8d (Carsten Heinz)
\c@lstnumber=\count291
\lst@skipnumbers=\count292
\lst@framebox=\box56
) (/usr/local/texlive/2022/texmf-dist/tex/latex/listings/listings.cfg
File: listings.cfg 2020/03/24 1.8d listings configuration
))
Package: listings 2020/03/24 1.8d (Carsten Heinz)
 (/usr/local/texlive/2022/texmf-dist/tex/latex/listings/lstlang1.sty
File: lstlang1.sty 2020/03/24 1.8d listings language file
) (/usr/local/texlive/2022/texmf-dist/tex/latex/l3backend/l3backend-pdftex.def
File: l3backend-pdftex.def 2022-02-07 L3 backend support: PDF output (pdfTeX)
\l__color_backend_stack_int=\count293
\l__pdf_internal_box=\box57
) (./main.aux (./Argomenti/Capitolo1.aux) (./Argomenti/Capitolo2.aux) (./Argomenti/Capitolo3.aux) (./Argomenti/Capitolo4.aux))
\openout1 = `main.aux'.

LaTeX Font Info:    Checking defaults for OML/cmm/m/it on input line 35.
LaTeX Font Info:    ... okay on input line 35.
LaTeX Font Info:    Checking defaults for OMS/cmsy/m/n on input line 35.
LaTeX Font Info:    ... okay on input line 35.
LaTeX Font Info:    Checking defaults for OT1/cmr/m/n on input line 35.
LaTeX Font Info:    ... okay on input line 35.
LaTeX Font Info:    Checking defaults for T1/cmr/m/n on input line 35.
LaTeX Font Info:    ... okay on input line 35.
LaTeX Font Info:    Checking defaults for TS1/cmr/m/n on input line 35.
LaTeX Font Info:    ... okay on input line 35.
LaTeX Font Info:    Checking defaults for OMX/cmex/m/n on input line 35.
LaTeX Font Info:    ... okay on input line 35.
LaTeX Font Info:    Checking defaults for U/cmr/m/n on input line 35.
LaTeX Font Info:    ... okay on input line 35.
LaTeX Font Info:    Checking defaults for PD1/pdf/m/n on input line 35.
LaTeX Font Info:    ... okay on input line 35.
LaTeX Font Info:    Checking defaults for PU/pdf/m/n on input line 35.
LaTeX Font Info:    ... okay on input line 35.
 (/usr/local/texlive/2022/texmf-dist/tex/context/base/mkii/supp-pdf.mkii
[Loading MPS to PDF converter (version 2006.09.02).]
\scratchcounter=\count294
\scratchdimen=\dimen164
\scratchbox=\box58
\nofMPsegments=\count295
\nofMParguments=\count296
\everyMPshowfont=\toks21
\MPscratchCnt=\count297
\MPscratchDim=\dimen165
\MPnumerator=\count298
\makeMPintoPDFobject=\count299
\everyMPtoPDFconversion=\toks22
) (/usr/local/texlive/2022/texmf-dist/tex/latex/epstopdf-pkg/epstopdf-base.sty
Package: epstopdf-base 2020-01-24 v2.11 Base part for package epstopdf
Package epstopdf-base Info: Redefining graphics rule for `.eps' on input line 485.
 (/usr/local/texlive/2022/texmf-dist/tex/latex/latexconfig/epstopdf-sys.cfg
File: epstopdf-sys.cfg 2010/07/13 v1.3 Configuration of (r)epstopdf for TeX Live
))
LaTeX Info: Redefining \it@ocap on input line 35.
LaTeX Info: Redefining \it@ccap on input line 35.


File italian.ldf warning: 
italian.ldf    With OT1 encoding guillemets are poorly faked
italian.ldf    Use T1 encoding
italian.ldf    or specify a font with command \CaporaliFrom
italian.ldf    See the documentation concerning the babel-italian typesetting 
italian.ldf    on input line 35.

Package hyperref Info: Link coloring OFF on input line 35.
(/usr/local/texlive/2022/texmf-dist/tex/latex/hyperref/nameref.sty
Package: nameref 2021-04-02 v2.47 Cross-referencing by name of section
 (/usr/local/texlive/2022/texmf-dist/tex/latex/refcount/refcount.sty
Package: refcount 2019/12/15 v3.6 Data extraction from label references (HO)
) (/usr/local/texlive/2022/texmf-dist/tex/generic/gettitlestring/gettitlestring.sty
Package: gettitlestring 2019/12/15 v1.6 Cleanup title references (HO)
)
\c@section@level=\count300
)
LaTeX Info: Redefining \ref on input line 35.
LaTeX Info: Redefining \pageref on input line 35.
LaTeX Info: Redefining \nameref on input line 35.
 (./main.out) (./main.out)
\@outlinefile=\write3
\openout3 = `main.out'.

\c@lstlisting=\count301
<Immagini/FedericoII.png, id=196, 134.75343pt x 139.27031pt>
File: Immagini/FedericoII.png Graphic file (type png)
<use Immagini/FedericoII.png>
Package pdftex.def Info: Immagini/FedericoII.png  used on input line 39.
(pdftex.def)             Requested size: 86.25pt x 89.14117pt.


LaTeX Font Warning: Font shape `OT1/cmr/bx/sc' undefined
(Font)              using `OT1/cmr/bx/n' instead on input line 43.

[1

{/usr/local/texlive/2022/texmf-var/fonts/map/pdftex/updmap/pdftex.map} <./Immagini/FedericoII.png>] (./main.toc
LaTeX Font Info:    External font `cmex10' loaded for size
(Font)              <7> on input line 5.
LaTeX Font Info:    External font `cmex10' loaded for size
(Font)              <5> on input line 5.
 [2

]
Missing character: There is no Ã in font cmr10!
Missing character: There is no   in font cmr10!
Missing character: There is no Ã in font cmr10!
Missing character: There is no   in font cmr10!
)
\tf@toc=\write4
\openout4 = `main.toc'.

 [3]
\openout2 = `Argomenti/Capitolo1.aux'.

 (./Argomenti/Capitolo1.tex
Capitolo 1.
[4


]) [5]
\openout2 = `Argomenti/Capitolo2.aux'.

 (./Argomenti/Capitolo2.tex
Capitolo 2.
<Immagini/SchemaConcettuale.png, id=284, 1356.06625pt x 991.705pt>
File: Immagini/SchemaConcettuale.png Graphic file (type png)
<use Immagini/SchemaConcettuale.png>
Package pdftex.def Info: Immagini/SchemaConcettuale.png  used on input line 4.
(pdftex.def)             Requested size: 406.82301pt x 297.5138pt.

Overfull \hbox (61.82301pt too wide) in paragraph at lines 4--5
[] 
 []


Underfull \hbox (badness 3333) in paragraph at lines 6--6
[]\OT1/cmr/bx/n/14.4 Analisi del-la ri-strut-tu-ra-zio-ne del Class
 []

[6




 <./Immagini/SchemaConcettuale.png>]
Missing character: There is no Ã in font cmr10!
Missing character: There is no © in font cmr10!
[7]
Underfull \hbox (badness 6380) in paragraph at lines 41--43
\OT1/cmr/m/n/10 In que-sto dia-gram-ma so-no pre-sen-ti 2 ge-ne-ra-liz-za-zio-ni e 4 re-la-ti-ve
 []


Underfull \hbox (badness 5245) in paragraph at lines 49--51
[]\OT1/cmr/m/n/10 Analogamente, l'en-tit^^Ra \OT1/cmr/bx/n/10 Ar-ti-co-lo \OT1/cmr/m/n/10 avr^^Ra co-me at-tri-bu-ti, quel-li di
 []

<Immagini/SchemaRistrutturato.png, id=302, 1897.0875pt x 1451.4225pt>
File: Immagini/SchemaRistrutturato.png Graphic file (type png)
<use Immagini/SchemaRistrutturato.png>
Package pdftex.def Info: Immagini/SchemaRistrutturato.png  used on input line 54.
(pdftex.def)             Requested size: 474.27072pt x 362.85474pt.

Overfull \hbox (129.27072pt too wide) in paragraph at lines 54--56
[]
 []

[8] [9 <./Immagini/SchemaRistrutturato.png>] [10] [11]
Overfull \hbox (56.08403pt too wide) in alignment at lines 81--86
 [] [] [] 
 []


Overfull \hbox (56.08403pt too wide) in alignment at lines 86--88
 [] [] [] 
 []


Overfull \hbox (56.08403pt too wide) in alignment at lines 88--108
 [] [] [] 
 []

) [12]
\openout2 = `Argomenti/Capitolo3.aux'.

 (./Argomenti/Capitolo3.tex
Capitolo 3.

Overfull \hbox (6.79999pt too wide) in paragraph at lines 4--9
[] 
 []


Overfull \hbox (6.79999pt too wide) in paragraph at lines 17--22
[] 
 []


Overfull \hbox (6.79999pt too wide) in paragraph at lines 29--34
[] 
 []


Overfull \hbox (6.79999pt too wide) in paragraph at lines 42--47
[] 
 []


Overfull \hbox (6.79999pt too wide) in paragraph at lines 59--64
[] 
 []


Overfull \hbox (6.79999pt too wide) in paragraph at lines 76--81
[] 
 []


Overfull \hbox (6.79999pt too wide) in paragraph at lines 88--93
[] 
 []


Overfull \hbox (6.79999pt too wide) in paragraph at lines 105--110
[] 
 []


Overfull \hbox (6.79999pt too wide) in paragraph at lines 117--122
[] 
 []

[13




]
Overfull \hbox (6.79999pt too wide) in paragraph at lines 133--138
[] 
 []


Overfull \hbox (6.79999pt too wide) in paragraph at lines 149--154
[] 
 []


Overfull \hbox (6.79999pt too wide) in paragraph at lines 162--167
[] 
 []


Overfull \hbox (6.79999pt too wide) in paragraph at lines 179--184
[] 
 []


Overfull \hbox (6.79999pt too wide) in paragraph at lines 191--196
[] 
 []


Overfull \hbox (6.79999pt too wide) in paragraph at lines 207--212
[] 
 []


Overfull \hbox (6.79999pt too wide) in paragraph at lines 220--225
[] 
 []

) [14]
\openout2 = `Argomenti/Capitolo4.aux'.

 (./Argomenti/Capitolo4.tex
Capitolo 4.
Missing character: There is no Ã in font cmr10!
Missing character: There is no   in font cmr10!
[15




] [16] [17] [18] [19]
Missing character: There is no Ã in font cmr10!
Missing character: There is no ¨ in font cmr10!
LaTeX Font Info:    Trying to load font information for TS1+cmtt on input line 220.
(/usr/local/texlive/2022/texmf-dist/tex/latex/base/ts1cmtt.fd
File: ts1cmtt.fd 2019/12/16 v2.5j Standard LaTeX font definitions
)
Missing character: There is no Ã in font cmtt9!
Missing character: There is no   in font cmtt9!
[20]
Missing character: There is no Ã in font cmbx12!
Missing character: There is no   in font cmbx12!
Missing character: There is no Ã in font cmbx12!
Missing character: There is no   in font cmbx12!
[21]
Missing character: There is no Ã in font cmr10!
Missing character: There is no   in font cmr10!
Missing character: There is no Ã in font cmr10!
Missing character: There is no   in font cmr10!

Underfull \hbox (badness 3271) in paragraph at lines 288--301
\OT1/cmr/m/n/10 Per ge-sti-re l'in-se-ri-men-to de-gli ar-ti-co-li, ven-go-no uti-liz-za-ti due trig-ger,
 []

Missing character: There is no Ã in font cmtt9!
Missing character: There is no ¨ in font cmtt9!
[22]
Missing character: There is no Ã in font cmtt9!
Missing character: There is no   in font cmtt9!
Missing character: There is no Ã in font cmtt9!
Missing character: There is no   in font cmtt9!
Missing character: There is no Ã in font cmtt9!
Missing character: There is no   in font cmtt9!
Missing character: There is no Ã in font cmtt9!
Missing character: There is no   in font cmtt9!
Missing character: There is no Ã in font cmtt9!
Missing character: There is no   in font cmtt9!
Missing character: There is no Ã in font cmtt9!
Missing character: There is no   in font cmtt9!
Missing character: There is no Ã in font cmtt9!
Missing character: There is no   in font cmtt9!
[23]
Missing character: There is no Ã in font cmtt9!
Missing character: There is no ¨ in font cmtt9!
Missing character: There is no Ã in font cmtt9!
Missing character: There is no ¨ in font cmtt9!
Missing character: There is no Ã in font cmtt9!
Missing character: There is no   in font cmtt9!
[24]
Missing character: There is no Ã in font cmtt9!
Missing character: There is no   in font cmtt9!
Missing character: There is no Ã in font cmtt9!
Missing character: There is no   in font cmtt9!
Missing character: There is no Ã in font cmtt9!
Missing character: There is no ¨ in font cmtt9!
Missing character: There is no Ã in font cmtt9!
Missing character: There is no ¨ in font cmtt9!
Missing character: There is no Ã in font cmtt9!
Missing character: There is no   in font cmtt9!
Missing character: There is no Ã in font cmtt9!
Missing character: There is no   in font cmtt9!
Missing character: There is no Ã in font cmtt9!
Missing character: There is no   in font cmtt9!
[25]
Missing character: There is no Ã in font cmtt9!
Missing character: There is no ¨ in font cmtt9!
[26]
Missing character: There is no Ã in font cmr10!
Missing character: There is no ¨ in font cmr10!
Missing character: There is no Ã in font cmr10!
Missing character: There is no   in font cmr10!
Missing character: There is no Ã in font cmr10!
Missing character: There is no ¨ in font cmr10!
Missing character: There is no Ã in font cmr10!
Missing character: There is no   in font cmr10!
Missing character: There is no Ã in font cmr10!
Missing character: There is no   in font cmr10!
Missing character: There is no Ã in font cmr10!
Missing character: There is no ¨ in font cmr10!
[27]
Missing character: There is no Ã in font cmtt9!
Missing character: There is no   in font cmtt9!
Missing character: There is no Ã in font cmtt9!
Missing character: There is no   in font cmtt9!
Missing character: There is no Ã in font cmtt9!
Missing character: There is no   in font cmtt9!
Missing character: There is no Ã in font cmtt9!
Missing character: There is no   in font cmtt9!
Missing character: There is no Ã in font cmtt9!
Missing character: There is no ¨ in font cmtt9!
[28] [29]
Missing character: There is no Ã in font cmtt9!
Missing character: There is no   in font cmtt9!
Missing character: There is no Ã in font cmtt9!
Missing character: There is no   in font cmtt9!
Missing character: There is no Â in font cmtt9!
Missing character: There is no ¬ in font cmtt9!
[30] [31]
Missing character: There is no Ã in font cmtt9!
Missing character: There is no ¨ in font cmtt9!
Missing character: There is no Ã in font cmtt9!
Missing character: There is no ¨ in font cmtt9!
Missing character: There is no Ã in font cmtt9!
Missing character: There is no ¨ in font cmtt9!
Missing character: There is no Ã in font cmtt9!
Missing character: There is no   in font cmtt9!
[32]
Missing character: There is no Ã in font cmtt9!
Missing character: There is no ¨ in font cmtt9!
Missing character: There is no Ã in font cmr10!
Missing character: There is no ² in font cmr10!
Missing character: There is no Ã in font cmr10!
Missing character: There is no   in font cmr10!
) [33] (./main.aux (./Argomenti/Capitolo1.aux) (./Argomenti/Capitolo2.aux) (./Argomenti/Capitolo3.aux) (./Argomenti/Capitolo4.aux))

LaTeX Font Warning: Some font shapes were not available, defaults substituted.

Package rerunfilecheck Info: File `main.out' has not changed.
(rerunfilecheck)             Checksum: 985342716080493ED12D7E639A4F6968;8295.
 ) 
Here is how much of TeX's memory you used:
 12656 strings out of 478268
 199672 string characters out of 5846347
 812523 words of memory out of 5000000
 29961 multiletter control sequences out of 15000+600000
 474203 words of font info for 45 fonts, out of 8000000 for 9000
 1141 hyphenation exceptions out of 8191
 60i,10n,63p,575b,2015s stack positions out of 10000i,1000n,20000p,200000b,200000s
{/usr/local/texlive/2022/texmf-dist/fonts/enc/dvips/cm-super/cm-super-ts1.enc}</usr/local/texlive/2022/texmf-dist/fonts/type1/public/amsfonts/cm/cmbx10.pfb></usr/local/texlive/2022/texmf-dist/fonts/type1/public/amsfonts/cm/cmbx12.pfb></usr/local/texlive/2022/texmf-dist/fonts/type1/public/amsfonts/cm/cmmi10.pfb></usr/local/texlive/2022/texmf-dist/fonts/type1/public/amsfonts/cm/cmr10.pfb></usr/local/texlive/2022/texmf-dist/fonts/type1/public/amsfonts/cm/cmr5.pfb></usr/local/texlive/2022/texmf-dist/fonts/type1/public/amsfonts/cm/cmsy10.pfb></usr/local/texlive/2022/texmf-dist/fonts/type1/public/amsfonts/cm/cmti10.pfb></usr/local/texlive/2022/texmf-dist/fonts/type1/public/amsfonts/cm/cmtt10.pfb></usr/local/texlive/2022/texmf-dist/fonts/type1/public/amsfonts/cm/cmtt9.pfb></usr/local/texlive/2022/texmf-dist/fonts/type1/public/cm-super/sfrm1000.pfb></usr/local/texlive/2022/texmf-dist/fonts/type1/public/cm-super/sftt0900.pfb>
Output written on main.pdf (33 pages, 653233 bytes).
PDF statistics:
 1275 PDF objects out of 1440 (max. 8388607)
 1201 compressed objects within 13 object streams
 745 named destinations out of 1000 (max. 500000)
 400 words of extra memory for PDF output out of 10000 (max. 10000000)

