\BOOKMARK [0][-]{chapter.1}{\376\377\000R\000e\000q\000u\000i\000s\000i\000t\000i\000\040\000i\000d\000e\000n\000t\000i\000f\000i\000c\000a\000t\000i}{}% 1
\BOOKMARK [0][-]{chapter.2}{\376\377\000P\000r\000o\000g\000e\000t\000t\000a\000z\000i\000o\000n\000e\000\040\000c\000o\000n\000c\000e\000t\000t\000u\000a\000l\000e}{}% 2
\BOOKMARK [1][-]{section.2.1}{\376\377\000C\000l\000a\000s\000s\000\040\000D\000i\000a\000g\000r\000a\000m}{chapter.2}% 3
\BOOKMARK [1][-]{section.2.2}{\376\377\000A\000n\000a\000l\000i\000s\000i\000\040\000d\000e\000l\000l\000a\000\040\000r\000i\000s\000t\000r\000u\000t\000t\000u\000r\000a\000z\000i\000o\000n\000e\000\040\000d\000e\000l\000\040\000C\000l\000a\000s\000s\000\040\000D\000i\000a\000g\000r\000a\000m}{chapter.2}% 4
\BOOKMARK [2][-]{subsection.2.2.1}{\376\377\000A\000n\000a\000l\000i\000s\000i\000\040\000d\000e\000l\000l\000e\000\040\000r\000i\000d\000o\000n\000d\000a\000n\000z\000e}{section.2.2}% 5
\BOOKMARK [2][-]{subsection.2.2.2}{\376\377\000A\000n\000a\000l\000i\000s\000i\000\040\000d\000e\000g\000l\000i\000\040\000i\000d\000e\000n\000t\000i\000f\000i\000c\000a\000t\000i\000v\000i}{section.2.2}% 6
\BOOKMARK [2][-]{subsection.2.2.3}{\376\377\000R\000i\000m\000o\000z\000i\000o\000n\000e\000\040\000d\000e\000g\000l\000i\000\040\000a\000t\000t\000r\000i\000b\000u\000t\000i\000\040\000m\000u\000l\000t\000i\000v\000a\000l\000o\000r\000e}{section.2.2}% 7
\BOOKMARK [2][-]{subsection.2.2.4}{\376\377\000R\000i\000m\000o\000z\000i\000o\000n\000e\000\040\000d\000e\000g\000l\000i\000\040\000a\000t\000t\000r\000i\000b\000u\000t\000i\000\040\000c\000o\000m\000p\000o\000s\000t\000i}{section.2.2}% 8
\BOOKMARK [2][-]{subsection.2.2.5}{\376\377\000P\000a\000r\000t\000i\000z\000i\000o\000n\000e\000/\000A\000c\000c\000o\000r\000p\000a\000m\000e\000n\000t\000o\000\040\000d\000e\000l\000l\000e\000\040\000a\000s\000s\000o\000c\000i\000a\000z\000i\000o\000n\000i}{section.2.2}% 9
\BOOKMARK [2][-]{subsection.2.2.6}{\376\377\000R\000i\000m\000o\000z\000i\000o\000n\000e\000\040\000d\000e\000l\000l\000e\000\040\000g\000e\000r\000a\000r\000c\000h\000i\000e}{section.2.2}% 10
\BOOKMARK [1][-]{section.2.3}{\376\377\000C\000l\000a\000s\000s\000\040\000D\000i\000a\000g\000r\000a\000m\000\040\000r\000i\000s\000t\000r\000u\000t\000t\000u\000r\000a\000t\000o}{chapter.2}% 11
\BOOKMARK [1][-]{section.2.4}{\376\377\000D\000i\000z\000i\000o\000n\000a\000r\000i\000o\000\040\000d\000e\000l\000l\000e\000\040\000c\000l\000a\000s\000s\000i}{chapter.2}% 12
\BOOKMARK [1][-]{section.2.5}{\376\377\000D\000i\000z\000i\000o\000n\000a\000r\000i\000o\000\040\000d\000e\000l\000l\000e\000\040\000a\000s\000s\000o\000c\000i\000a\000z\000i\000o\000n\000i}{chapter.2}% 13
\BOOKMARK [0][-]{chapter.3}{\376\377\000S\000c\000h\000e\000m\000a\000\040\000l\000o\000g\000i\000c\000o}{}% 14
\BOOKMARK [0][-]{chapter.4}{\376\377\000S\000c\000h\000e\000m\000a\000\040\000F\000i\000s\000i\000c\000o}{}% 15
\BOOKMARK [1][-]{section.4.1}{\376\377\000C\000r\000e\000a\000z\000i\000o\000n\000e\000\040\000T\000a\000b\000e\000l\000l\000e}{chapter.4}% 16
\BOOKMARK [2][-]{subsection.4.1.1}{\376\377\000T\000a\000b\000e\000l\000l\000a\000\040\000A\000r\000t\000i\000c\000o\000l\000i}{section.4.1}% 17
\BOOKMARK [2][-]{subsection.4.1.2}{\376\377\000T\000a\000b\000e\000l\000l\000a\000\040\000A\000u\000t\000o\000r\000e}{section.4.1}% 18
\BOOKMARK [2][-]{subsection.4.1.3}{\376\377\000T\000a\000b\000e\000l\000l\000a\000\040\000A\000u\000t\000o\000r\000e\000A\000r\000t\000i\000c\000o\000l\000o}{section.4.1}% 19
\BOOKMARK [2][-]{subsection.4.1.4}{\376\377\000T\000a\000b\000e\000l\000l\000a\000\040\000R\000i\000v\000i\000s\000t\000e}{section.4.1}% 20
\BOOKMARK [2][-]{subsection.4.1.5}{\376\377\000T\000a\000b\000e\000l\000l\000a\000\040\000A\000r\000t\000i\000c\000o\000l\000i\000I\000n\000R\000i\000v\000i\000s\000t\000e}{section.4.1}% 21
\BOOKMARK [2][-]{subsection.4.1.6}{\376\377\000T\000a\000b\000e\000l\000l\000a\000\040\000E\000v\000e\000n\000t\000o}{section.4.1}% 22
\BOOKMARK [2][-]{subsection.4.1.7}{\376\377\000C\000o\000n\000f\000e\000r\000e\000n\000z\000a}{section.4.1}% 23
\BOOKMARK [2][-]{subsection.4.1.8}{\376\377\000T\000a\000b\000e\000l\000l\000a\000\040\000L\000i\000b\000r\000i}{section.4.1}% 24
\BOOKMARK [2][-]{subsection.4.1.9}{\376\377\000T\000a\000b\000e\000l\000l\000a\000\040\000A\000u\000t\000o\000r\000e\000L\000i\000b\000r\000o}{section.4.1}% 25
\BOOKMARK [2][-]{subsection.4.1.10}{\376\377\000T\000a\000b\000e\000l\000l\000a\000\040\000P\000r\000e\000s\000e\000n\000t\000a\000z\000i\000o\000n\000e}{section.4.1}% 26
\BOOKMARK [2][-]{subsection.4.1.11}{\376\377\000T\000a\000b\000e\000l\000l\000a\000\040\000S\000e\000r\000i\000e}{section.4.1}% 27
\BOOKMARK [2][-]{subsection.4.1.12}{\376\377\000T\000a\000b\000e\000l\000l\000a\000\040\000L\000i\000b\000r\000i\000I\000n\000S\000e\000r\000i\000e}{section.4.1}% 28
\BOOKMARK [2][-]{subsection.4.1.13}{\376\377\000T\000a\000b\000e\000l\000l\000a\000\040\000N\000e\000g\000o\000z\000i\000o}{section.4.1}% 29
\BOOKMARK [2][-]{subsection.4.1.14}{\376\377\000T\000a\000b\000e\000l\000l\000a\000\040\000S\000t\000o\000c\000k}{section.4.1}% 30
\BOOKMARK [2][-]{subsection.4.1.15}{\376\377\000T\000a\000b\000e\000l\000l\000a\000\040\000U\000t\000e\000n\000t\000e}{section.4.1}% 31
\BOOKMARK [2][-]{subsection.4.1.16}{\376\377\000T\000a\000b\000e\000l\000l\000a\000\040\000R\000i\000c\000h\000i\000e\000s\000t\000a}{section.4.1}% 32
\BOOKMARK [1][-]{section.4.2}{\376\377\000C\000r\000e\000a\000z\000i\000o\000n\000e\000\040\000F\000u\000n\000z\000i\000o\000n\000i}{chapter.4}% 33
\BOOKMARK [2][-]{subsection.4.2.1}{\376\377\000T\000a\000b\000e\000l\000l\000a\000\040\000J\000o\000l\000l\000y}{section.4.2}% 34
\BOOKMARK [2][-]{subsection.4.2.2}{\376\377\000P\000r\000o\000c\000e\000d\000u\000r\000a\000\040\000i\000n\000s\000e\000r\000i\000m\000e\000n\000t\000o\000\040\000A\000u\000t\000o\000r\000i}{section.4.2}% 35
\BOOKMARK [2][-]{subsection.4.2.3}{\376\377\000F\000u\000n\000z\000i\000o\000n\000e\000\040\000D\000i\000s\000p\000o\000n\000i\000b\000i\000l\000i\000t\000Ã\000 \000\040\000L\000i\000b\000r\000o}{section.4.2}% 36
\BOOKMARK [2][-]{subsection.4.2.4}{\376\377\000F\000u\000n\000z\000i\000o\000n\000e\000\040\000D\000i\000s\000p\000o\000n\000i\000b\000i\000l\000i\000t\000Ã\000 \000\040\000S\000e\000r\000i\000e}{section.4.2}% 37
\BOOKMARK [1][-]{section.4.3}{\376\377\000T\000r\000i\000g\000g\000e\000r\000\040\000G\000e\000s\000t\000i\000o\000n\000e\000\040\000A\000r\000t\000i\000c\000o\000l\000i}{chapter.4}% 38
\BOOKMARK [2][-]{subsection.4.3.1}{\376\377\000I\000n\000s\000e\000r\000i\000m\000e\000n\000t\000o\000\040\000A\000r\000t\000i\000c\000o\000l\000o\000\040\000e\000\040\000R\000i\000v\000i\000s\000t\000a}{section.4.3}% 39
\BOOKMARK [2][-]{subsection.4.3.2}{\376\377\000I\000n\000s\000e\000r\000i\000m\000e\000n\000t\000o\000\040\000A\000r\000t\000i\000c\000o\000l\000o\000\040\000e\000\040\000C\000o\000n\000f\000e\000r\000e\000n\000z\000a}{section.4.3}% 40
\BOOKMARK [2][-]{subsection.4.3.3}{\376\377\000R\000i\000m\000o\000z\000i\000o\000n\000e\000\040\000A\000r\000t\000i\000c\000o\000l\000o}{section.4.3}% 41
\BOOKMARK [1][-]{section.4.4}{\376\377\000T\000r\000i\000g\000g\000e\000r\000\040\000G\000e\000s\000t\000i\000o\000n\000e\000\040\000L\000i\000b\000r\000i}{chapter.4}% 42
\BOOKMARK [2][-]{subsection.4.4.1}{\376\377\000I\000n\000s\000e\000r\000i\000m\000e\000n\000t\000o\000\040\000L\000i\000b\000r\000o}{section.4.4}% 43
\BOOKMARK [2][-]{subsection.4.4.2}{\376\377\000I\000n\000s\000e\000r\000i\000m\000e\000n\000t\000o\000\040\000P\000r\000e\000s\000e\000n\000t\000a\000z\000i\000o\000n\000e\000\040\000d\000i\000\040\000u\000n\000\040\000l\000i\000b\000r\000o}{section.4.4}% 44
\BOOKMARK [2][-]{subsection.4.4.3}{\376\377\000R\000i\000m\000o\000z\000i\000o\000n\000e\000\040\000L\000i\000b\000r\000o}{section.4.4}% 45
\BOOKMARK [1][-]{section.4.5}{\376\377\000T\000r\000i\000g\000g\000e\000r\000\040\000G\000e\000s\000t\000i\000o\000n\000e\000\040\000S\000t\000o\000c\000k}{chapter.4}% 46
\BOOKMARK [1][-]{section.4.6}{\376\377\000G\000e\000s\000t\000i\000o\000n\000e\000\040\000N\000o\000t\000i\000f\000i\000c\000h\000e}{chapter.4}% 47
\BOOKMARK [2][-]{subsection.4.6.1}{\376\377\000V\000i\000e\000w\000\040\000N\000o\000t\000i\000f\000i\000c\000h\000e}{section.4.6}% 48
