\BOOKMARK [0][-]{chapter.1}{\376\377\000D\000e\000s\000c\000r\000i\000z\000i\000o\000n\000e\000\040\000e\000\040\000A\000n\000a\000l\000i\000s\000i\000\040\000d\000e\000l\000\040\000P\000r\000o\000g\000e\000t\000t\000o}{}% 1
\BOOKMARK [1][-]{section.1.1}{\376\377\000O\000b\000i\000e\000t\000t\000i\000v\000o}{chapter.1}% 2
\BOOKMARK [1][-]{section.1.2}{\376\377\000A\000n\000a\000l\000i\000s\000i\000\040\000d\000e\000l\000\040\000p\000r\000o\000b\000l\000e\000m\000a}{chapter.1}% 3
\BOOKMARK [1][-]{section.1.3}{\376\377\000I\000n\000d\000i\000v\000i\000d\000u\000a\000z\000i\000o\000n\000e\000\040\000d\000e\000l\000l\000e\000\040\000R\000e\000s\000p\000o\000n\000s\000a\000b\000i\000l\000i\000t\000\341}{chapter.1}% 4
\BOOKMARK [0][-]{chapter.2}{\376\377\000P\000r\000o\000g\000e\000t\000t\000a\000z\000i\000o\000n\000e\000\040\000c\000o\000n\000c\000e\000t\000t\000u\000a\000l\000e}{}% 5
\BOOKMARK [1][-]{section.2.1}{\376\377\000C\000l\000a\000s\000s\000\040\000D\000i\000a\000g\000r\000a\000m\000\040\000d\000e\000l\000\040\000d\000o\000m\000i\000n\000i\000o\000\040\000d\000e\000l\000\040\000p\000r\000o\000b\000l\000e\000m\000a}{chapter.2}% 6
\BOOKMARK [1][-]{section.2.2}{\376\377\000D\000i\000z\000i\000o\000n\000a\000r\000i\000o\000\040\000d\000e\000l\000l\000e\000\040\000c\000l\000a\000s\000s\000i}{chapter.2}% 7
\BOOKMARK [1][-]{section.2.3}{\376\377\000D\000i\000z\000i\000o\000n\000a\000r\000i\000o\000\040\000d\000e\000l\000l\000e\000\040\000a\000s\000s\000o\000c\000i\000a\000z\000i\000o\000n\000i}{chapter.2}% 8
\BOOKMARK [0][-]{chapter.3}{\376\377\000P\000r\000o\000g\000e\000t\000t\000a\000z\000i\000o\000n\000e\000\040\000d\000e\000l\000l\000a\000\040\000S\000o\000l\000u\000z\000i\000o\000n\000e}{}% 9
\BOOKMARK [1][-]{section.3.1}{\376\377\000C\000l\000a\000s\000s\000\040\000D\000i\000a\000g\000r\000a\000m\000\040\000d\000e\000l\000\040\000d\000o\000m\000i\000n\000i\000o\000\040\000d\000e\000l\000l\000a\000\040\000s\000o\000l\000u\000z\000i\000o\000n\000e}{chapter.3}% 10
\BOOKMARK [2][-]{subsection.3.1.1}{\376\377\000D\000i\000z\000i\000o\000n\000a\000r\000i\000o\000\040\000d\000e\000i\000\040\000M\000e\000t\000o\000d\000i}{section.3.1}% 11
\BOOKMARK [1][-]{section.3.2}{\376\377\000S\000e\000q\000u\000e\000n\000c\000e\000\040\000D\000i\000a\000g\000r\000a\000m\000\040\000d\000e\000l\000\040\000m\000e\000t\000o\000d\000o\000\040\000a\000d\000d\000A\000r\000t\000i\000c\000o\000l\000o\000C\000o\000n\000f\000e\000r\000e\000n\000z\000a}{chapter.3}% 12
\BOOKMARK [1][-]{section.3.3}{\376\377\000S\000e\000q\000u\000e\000n\000c\000e\000\040\000D\000i\000a\000g\000r\000a\000m\000\040\000d\000e\000l\000\040\000m\000e\000t\000o\000d\000o\000\040\000c\000h\000e\000c\000P\000e\000r\000m\000e\000s\000s\000i\000N\000o\000t\000i\000f\000i\000c\000h\000e}{chapter.3}% 13
\BOOKMARK [0][-]{chapter.4}{\376\377\000F\000e\000a\000t\000u\000r\000e\000s\000\040\000e\000\040\000C\000o\000n\000t\000r\000o\000l\000l\000i}{}% 14
\BOOKMARK [1][-]{section.4.1}{\376\377\000P\000a\000g\000i\000n\000a\000\040\000d\000i\000\040\000L\000o\000g\000i\000n}{chapter.4}% 15
\BOOKMARK [1][-]{section.4.2}{\376\377\000P\000a\000g\000i\000n\000a\000\040\000d\000i\000\040\000R\000e\000g\000i\000s\000t\000r\000a\000z\000i\000o\000n\000e}{chapter.4}% 16
\BOOKMARK [1][-]{section.4.3}{\376\377\000P\000a\000g\000i\000n\000a\000\040\000d\000i\000\040\000R\000i\000c\000e\000r\000c\000a}{chapter.4}% 17
\BOOKMARK [2][-]{subsection.4.3.1}{\376\377\000F\000i\000l\000t\000r\000i\000\040\000L\000i\000b\000r\000i}{section.4.3}% 18
\BOOKMARK [2][-]{subsection.4.3.2}{\376\377\000F\000i\000l\000t\000r\000i\000\040\000S\000e\000r\000i\000e}{section.4.3}% 19
\BOOKMARK [2][-]{subsection.4.3.3}{\376\377\000F\000i\000l\000t\000r\000i\000\040\000A\000r\000t\000i\000c\000o\000l\000i}{section.4.3}% 20
\BOOKMARK [2][-]{subsection.4.3.4}{\376\377\000F\000i\000l\000t\000r\000i\000\040\000R\000i\000v\000i\000s\000t\000e}{section.4.3}% 21
\BOOKMARK [1][-]{section.4.4}{\376\377\000P\000a\000g\000i\000n\000a\000\040\000d\000e\000l\000\040\000R\000i\000s\000u\000l\000t\000a\000t\000o\000\040\000d\000e\000l\000l\000a\000\040\000R\000i\000c\000e\000r\000c\000a}{chapter.4}% 22
\BOOKMARK [1][-]{section.4.5}{\376\377\000P\000a\000g\000i\000n\000a\000\040\000d\000i\000\040\000I\000n\000s\000e\000r\000i\000m\000e\000n\000t\000o\000\040\000R\000i\000s\000o\000r\000s\000a}{chapter.4}% 23
\BOOKMARK [2][-]{subsection.4.5.1}{\376\377\000I\000n\000s\000e\000r\000i\000m\000e\000n\000t\000o\000\040\000d\000i\000\040\000u\000n\000\040\000L\000i\000b\000r\000o}{section.4.5}% 24
\BOOKMARK [2][-]{subsection.4.5.2}{\376\377\000I\000n\000s\000e\000r\000i\000m\000e\000n\000t\000o\000\040\000d\000i\000\040\000u\000n\000\040\000L\000i\000b\000r\000o\000\040\000e\000\040\000d\000e\000l\000l\000a\000\040\000r\000e\000l\000a\000t\000i\000v\000a\000\040\000S\000e\000r\000i\000e}{section.4.5}% 25
\BOOKMARK [2][-]{subsection.4.5.3}{\376\377\000I\000n\000s\000e\000r\000i\000m\000e\000n\000t\000o\000\040\000d\000i\000\040\000u\000n\000\040\000A\000r\000t\000i\000c\000o\000l\000o}{section.4.5}% 26
\BOOKMARK [2][-]{subsection.4.5.4}{\376\377\000I\000n\000s\000e\000r\000i\000m\000e\000n\000t\000o\000\040\000d\000i\000\040\000u\000n\000\040\000A\000r\000t\000i\000c\000o\000l\000o\000\040\000e\000\040\000d\000e\000l\000l\000a\000\040\000r\000e\000l\000a\000t\000i\000v\000a\000\040\000R\000i\000v\000i\000s\000t\000a}{section.4.5}% 27
\BOOKMARK [2][-]{subsection.4.5.5}{\376\377\000I\000n\000s\000e\000r\000i\000m\000e\000n\000t\000o\000\040\000d\000i\000\040\000u\000n\000\040\000A\000r\000t\000i\000c\000o\000l\000o\000\040\000e\000\040\000d\000e\000l\000l\000a\000\040\000r\000e\000l\000a\000t\000i\000v\000a\000\040\000C\000o\000n\000f\000e\000r\000e\000n\000z\000a}{section.4.5}% 28
\BOOKMARK [1][-]{section.4.6}{\376\377\000M\000e\000n\000Ã\000¹\000\040\000U\000t\000e\000n\000t\000e}{chapter.4}% 29
\BOOKMARK [2][-]{subsection.4.6.1}{\376\377\000N\000o\000t\000i\000f\000i\000c\000h\000e}{section.4.6}% 30
\BOOKMARK [2][-]{subsection.4.6.2}{\376\377\000R\000i\000c\000h\000i\000e\000s\000t\000a\000\040\000d\000i\000\040\000d\000i\000s\000p\000o\000n\000i\000b\000i\000l\000i\000t\000\341\000\040\000S\000e\000r\000i\000e}{section.4.6}% 31
