This is pdfTeX, Version 3.141592653-2.6-1.40.24 (TeX Live 2022) (preloaded format=pdflatex 2023.2.15)  6 MAR 2023 17:17
entering extended mode
 restricted \write18 enabled.
 file:line:error style messages enabled.
 %&-line parsing enabled.
**"/Users/bickpenna/Documents/GitHub/Biblioteca/Object/documentazione OO/main.tex"
(/Users/bickpenna/Documents/GitHub/Biblioteca/Object/documentazione OO/main.tex
LaTeX2e <2021-11-15> patch level 1
L3 programming layer <2022-02-24> (/usr/local/texlive/2022/texmf-dist/tex/latex/base/report.cls
Document Class: report 2021/10/04 v1.4n Standard LaTeX document class
(/usr/local/texlive/2022/texmf-dist/tex/latex/base/size10.clo
File: size10.clo 2021/10/04 v1.4n Standard LaTeX file (size option)
)
\c@part=\count185
\c@chapter=\count186
\c@section=\count187
\c@subsection=\count188
\c@subsubsection=\count189
\c@paragraph=\count190
\c@subparagraph=\count191
\c@figure=\count192
\c@table=\count193
\abovecaptionskip=\skip47
\belowcaptionskip=\skip48
\bibindent=\dimen138
) (/usr/local/texlive/2022/texmf-dist/tex/latex/base/inputenc.sty
Package: inputenc 2021/02/14 v1.3d Input encoding file
\inpenc@prehook=\toks16
\inpenc@posthook=\toks17
) (/usr/local/texlive/2022/texmf-dist/tex/latex/booktabs/booktabs.sty
Package: booktabs 2020/01/12 v1.61803398 Publication quality tables
\heavyrulewidth=\dimen139
\lightrulewidth=\dimen140
\cmidrulewidth=\dimen141
\belowrulesep=\dimen142
\belowbottomsep=\dimen143
\aboverulesep=\dimen144
\abovetopsep=\dimen145
\cmidrulesep=\dimen146
\cmidrulekern=\dimen147
\defaultaddspace=\dimen148
\@cmidla=\count194
\@cmidlb=\count195
\@aboverulesep=\dimen149
\@belowrulesep=\dimen150
\@thisruleclass=\count196
\@lastruleclass=\count197
\@thisrulewidth=\dimen151
) (/usr/local/texlive/2022/texmf-dist/tex/latex/graphics/graphicx.sty
Package: graphicx 2021/09/16 v1.2d Enhanced LaTeX Graphics (DPC,SPQR)
 (/usr/local/texlive/2022/texmf-dist/tex/latex/graphics/keyval.sty
Package: keyval 2014/10/28 v1.15 key=value parser (DPC)
\KV@toks@=\toks18
) (/usr/local/texlive/2022/texmf-dist/tex/latex/graphics/graphics.sty
Package: graphics 2021/03/04 v1.4d Standard LaTeX Graphics (DPC,SPQR)
 (/usr/local/texlive/2022/texmf-dist/tex/latex/graphics/trig.sty
Package: trig 2021/08/11 v1.11 sin cos tan (DPC)
) (/usr/local/texlive/2022/texmf-dist/tex/latex/graphics-cfg/graphics.cfg
File: graphics.cfg 2016/06/04 v1.11 sample graphics configuration
)
Package graphics Info: Driver file: pdftex.def on input line 107.
 (/usr/local/texlive/2022/texmf-dist/tex/latex/graphics-def/pdftex.def
File: pdftex.def 2020/10/05 v1.2a Graphics/color driver for pdftex
))
\Gin@req@height=\dimen152
\Gin@req@width=\dimen153
) (/usr/local/texlive/2022/texmf-dist/tex/generic/babel/babel.sty
Package: babel 2022/02/26 3.73 The Babel package
\babel@savecnt=\count198
\U@D=\dimen154
\l@unhyphenated=\language87
 (/usr/local/texlive/2022/texmf-dist/tex/generic/babel/txtbabel.def)
\bbl@readstream=\read2
\bbl@dirlevel=\count199
 (/usr/local/texlive/2022/texmf-dist/tex/generic/babel-italian/italian.ldf
Language: italian 2020/05/21 v.1.4.04 Italian support for the babel system
\it@lettering=\count266
\it@doublequoteactive=\count267
\it@ISOcompliance=\count268
)) (/usr/local/texlive/2022/texmf-dist/tex/latex/etoolbox/etoolbox.sty
Package: etoolbox 2020/10/05 v2.5k e-TeX tools for LaTeX (JAW)
\etb@tempcnta=\count269
) (/usr/local/texlive/2022/texmf-dist/tex/latex/xcolor/xcolor.sty
Package: xcolor 2021/10/31 v2.13 LaTeX color extensions (UK)
 (/usr/local/texlive/2022/texmf-dist/tex/latex/graphics-cfg/color.cfg
File: color.cfg 2016/01/02 v1.6 sample color configuration
)
Package xcolor Info: Driver file: pdftex.def on input line 227.
Package xcolor Info: Model `cmy' substituted by `cmy0' on input line 1352.
Package xcolor Info: Model `hsb' substituted by `rgb' on input line 1356.
Package xcolor Info: Model `RGB' extended on input line 1368.
Package xcolor Info: Model `HTML' substituted by `rgb' on input line 1370.
Package xcolor Info: Model `Hsb' substituted by `hsb' on input line 1371.
Package xcolor Info: Model `tHsb' substituted by `hsb' on input line 1372.
Package xcolor Info: Model `HSB' substituted by `hsb' on input line 1373.
Package xcolor Info: Model `Gray' substituted by `gray' on input line 1374.
Package xcolor Info: Model `wave' substituted by `hsb' on input line 1375.
) (/usr/local/texlive/2022/texmf-dist/tex/latex/hyperref/hyperref.sty
Package: hyperref 2022-02-21 v7.00n Hypertext links for LaTeX
 (/usr/local/texlive/2022/texmf-dist/tex/generic/ltxcmds/ltxcmds.sty
Package: ltxcmds 2020-05-10 v1.25 LaTeX kernel commands for general use (HO)
) (/usr/local/texlive/2022/texmf-dist/tex/generic/iftex/iftex.sty
Package: iftex 2022/02/03 v1.0f TeX engine tests
) (/usr/local/texlive/2022/texmf-dist/tex/generic/pdftexcmds/pdftexcmds.sty
Package: pdftexcmds 2020-06-27 v0.33 Utility functions of pdfTeX for LuaTeX (HO)
 (/usr/local/texlive/2022/texmf-dist/tex/generic/infwarerr/infwarerr.sty
Package: infwarerr 2019/12/03 v1.5 Providing info/warning/error messages (HO)
)
Package pdftexcmds Info: \pdf@primitive is available.
Package pdftexcmds Info: \pdf@ifprimitive is available.
Package pdftexcmds Info: \pdfdraftmode found.
) (/usr/local/texlive/2022/texmf-dist/tex/generic/kvsetkeys/kvsetkeys.sty
Package: kvsetkeys 2019/12/15 v1.18 Key value parser (HO)
) (/usr/local/texlive/2022/texmf-dist/tex/generic/kvdefinekeys/kvdefinekeys.sty
Package: kvdefinekeys 2019-12-19 v1.6 Define keys (HO)
) (/usr/local/texlive/2022/texmf-dist/tex/generic/pdfescape/pdfescape.sty
Package: pdfescape 2019/12/09 v1.15 Implements pdfTeX's escape features (HO)
) (/usr/local/texlive/2022/texmf-dist/tex/latex/hycolor/hycolor.sty
Package: hycolor 2020-01-27 v1.10 Color options for hyperref/bookmark (HO)
) (/usr/local/texlive/2022/texmf-dist/tex/latex/letltxmacro/letltxmacro.sty
Package: letltxmacro 2019/12/03 v1.6 Let assignment for LaTeX macros (HO)
) (/usr/local/texlive/2022/texmf-dist/tex/latex/auxhook/auxhook.sty
Package: auxhook 2019-12-17 v1.6 Hooks for auxiliary files (HO)
) (/usr/local/texlive/2022/texmf-dist/tex/latex/kvoptions/kvoptions.sty
Package: kvoptions 2020-10-07 v3.14 Key value format for package options (HO)
)
\@linkdim=\dimen155
\Hy@linkcounter=\count270
\Hy@pagecounter=\count271
 (/usr/local/texlive/2022/texmf-dist/tex/latex/hyperref/pd1enc.def
File: pd1enc.def 2022-02-21 v7.00n Hyperref: PDFDocEncoding definition (HO)
Now handling font encoding PD1 ...
... no UTF-8 mapping file for font encoding PD1
) (/usr/local/texlive/2022/texmf-dist/tex/generic/intcalc/intcalc.sty
Package: intcalc 2019/12/15 v1.3 Expandable calculations with integers (HO)
) (/usr/local/texlive/2022/texmf-dist/tex/generic/etexcmds/etexcmds.sty
Package: etexcmds 2019/12/15 v1.7 Avoid name clashes with e-TeX commands (HO)
)
\Hy@SavedSpaceFactor=\count272
 (/usr/local/texlive/2022/texmf-dist/tex/latex/hyperref/puenc.def
File: puenc.def 2022-02-21 v7.00n Hyperref: PDF Unicode definition (HO)
Now handling font encoding PU ...
... no UTF-8 mapping file for font encoding PU
)
Package hyperref Info: Hyper figures OFF on input line 4137.
Package hyperref Info: Link nesting OFF on input line 4142.
Package hyperref Info: Hyper index ON on input line 4145.
Package hyperref Info: Plain pages OFF on input line 4152.
Package hyperref Info: Backreferencing OFF on input line 4157.
Package hyperref Info: Implicit mode ON; LaTeX internals redefined.
Package hyperref Info: Bookmarks ON on input line 4390.
\c@Hy@tempcnt=\count273
 (/usr/local/texlive/2022/texmf-dist/tex/latex/url/url.sty
\Urlmuskip=\muskip16
Package: url 2013/09/16  ver 3.4  Verb mode for urls, etc.
)
LaTeX Info: Redefining \url on input line 4749.
\XeTeXLinkMargin=\dimen156
 (/usr/local/texlive/2022/texmf-dist/tex/generic/bitset/bitset.sty
Package: bitset 2019/12/09 v1.3 Handle bit-vector datatype (HO)
 (/usr/local/texlive/2022/texmf-dist/tex/generic/bigintcalc/bigintcalc.sty
Package: bigintcalc 2019/12/15 v1.5 Expandable calculations on big integers (HO)
))
\Fld@menulength=\count274
\Field@Width=\dimen157
\Fld@charsize=\dimen158
Package hyperref Info: Hyper figures OFF on input line 6027.
Package hyperref Info: Link nesting OFF on input line 6032.
Package hyperref Info: Hyper index ON on input line 6035.
Package hyperref Info: backreferencing OFF on input line 6042.
Package hyperref Info: Link coloring OFF on input line 6047.
Package hyperref Info: Link coloring with OCG OFF on input line 6052.
Package hyperref Info: PDF/A mode OFF on input line 6057.
LaTeX Info: Redefining \ref on input line 6097.
LaTeX Info: Redefining \pageref on input line 6101.
 (/usr/local/texlive/2022/texmf-dist/tex/latex/base/atbegshi-ltx.sty
Package: atbegshi-ltx 2021/01/10 v1.0c Emulation of the original atbegshi
package with kernel methods
)
\Hy@abspage=\count275
\c@Item=\count276
\c@Hfootnote=\count277
)
Package hyperref Info: Driver (autodetected): hpdftex.
 (/usr/local/texlive/2022/texmf-dist/tex/latex/hyperref/hpdftex.def
File: hpdftex.def 2022-02-21 v7.00n Hyperref driver for pdfTeX
 (/usr/local/texlive/2022/texmf-dist/tex/latex/base/atveryend-ltx.sty
Package: atveryend-ltx 2020/08/19 v1.0a Emulation of the original atveryend package
with kernel methods
)
\Fld@listcount=\count278
\c@bookmark@seq@number=\count279
 (/usr/local/texlive/2022/texmf-dist/tex/latex/rerunfilecheck/rerunfilecheck.sty
Package: rerunfilecheck 2019/12/05 v1.9 Rerun checks for auxiliary files (HO)
 (/usr/local/texlive/2022/texmf-dist/tex/generic/uniquecounter/uniquecounter.sty
Package: uniquecounter 2019/12/15 v1.4 Provide unlimited unique counter (HO)
)
Package uniquecounter Info: New unique counter `rerunfilecheck' on input line 286.
)
\Hy@SectionHShift=\skip49
) (/usr/local/texlive/2022/texmf-dist/tex/latex/tools/longtable.sty
Package: longtable 2021-09-01 v4.17 Multi-page Table package (DPC)
\LTleft=\skip50
\LTright=\skip51
\LTpre=\skip52
\LTpost=\skip53
\LTchunksize=\count280
\LTcapwidth=\dimen159
\LT@head=\box50
\LT@firsthead=\box51
\LT@foot=\box52
\LT@lastfoot=\box53
\LT@gbox=\box54
\LT@cols=\count281
\LT@rows=\count282
\c@LT@tables=\count283
\c@LT@chunks=\count284
\LT@p@ftn=\toks19
) (/usr/local/texlive/2022/texmf-dist/tex/latex/listings/listings.sty
\lst@mode=\count285
\lst@gtempboxa=\box55
\lst@token=\toks20
\lst@length=\count286
\lst@currlwidth=\dimen160
\lst@column=\count287
\lst@pos=\count288
\lst@lostspace=\dimen161
\lst@width=\dimen162
\lst@newlines=\count289
\lst@lineno=\count290
\lst@maxwidth=\dimen163
 (/usr/local/texlive/2022/texmf-dist/tex/latex/listings/lstmisc.sty
File: lstmisc.sty 2020/03/24 1.8d (Carsten Heinz)
\c@lstnumber=\count291
\lst@skipnumbers=\count292
\lst@framebox=\box56
) (/usr/local/texlive/2022/texmf-dist/tex/latex/listings/listings.cfg
File: listings.cfg 2020/03/24 1.8d listings configuration
))
Package: listings 2020/03/24 1.8d (Carsten Heinz)
 (/usr/local/texlive/2022/texmf-dist/tex/latex/tools/afterpage.sty
Package: afterpage 2014/10/28 v1.08 After-Page Package (DPC)
\AP@output=\toks21
\AP@partial=\box57
\AP@footins=\box58
) (/usr/local/texlive/2022/texmf-dist/tex/latex/adjustbox/adjustbox.sty
Package: adjustbox 2020/08/19 v1.3 Adjusting TeX boxes (trim, clip, ...)
 (/usr/local/texlive/2022/texmf-dist/tex/latex/xkeyval/xkeyval.sty
Package: xkeyval 2020/11/20 v2.8 package option processing (HA)
 (/usr/local/texlive/2022/texmf-dist/tex/generic/xkeyval/xkeyval.tex (/usr/local/texlive/2022/texmf-dist/tex/generic/xkeyval/xkvutils.tex
\XKV@toks=\toks22
\XKV@tempa@toks=\toks23
)
\XKV@depth=\count293
File: xkeyval.tex 2014/12/03 v2.7a key=value parser (HA)
)) (/usr/local/texlive/2022/texmf-dist/tex/latex/adjustbox/adjcalc.sty
Package: adjcalc 2012/05/16 v1.1 Provides advanced setlength with multiple back-ends (calc, etex, pgfmath)
) (/usr/local/texlive/2022/texmf-dist/tex/latex/adjustbox/trimclip.sty
Package: trimclip 2020/08/19 v1.2 Trim and clip general TeX material
 (/usr/local/texlive/2022/texmf-dist/tex/latex/collectbox/collectbox.sty
Package: collectbox 2012/05/17 v0.4b Collect macro arguments as boxes
\collectedbox=\box59
)
\tc@llx=\dimen164
\tc@lly=\dimen165
\tc@urx=\dimen166
\tc@ury=\dimen167
Package trimclip Info: Using driver 'tc-pdftex.def'.
 (/usr/local/texlive/2022/texmf-dist/tex/latex/adjustbox/tc-pdftex.def
File: tc-pdftex.def 2019/01/04 v2.2 Clipping driver for pdftex
))
\adjbox@Width=\dimen168
\adjbox@Height=\dimen169
\adjbox@Depth=\dimen170
\adjbox@Totalheight=\dimen171
\adjbox@pwidth=\dimen172
\adjbox@pheight=\dimen173
\adjbox@pdepth=\dimen174
\adjbox@ptotalheight=\dimen175
 (/usr/local/texlive/2022/texmf-dist/tex/latex/ifoddpage/ifoddpage.sty
Package: ifoddpage 2016/04/23 v1.1 Conditionals for odd/even page detection
\c@checkoddpage=\count294
) (/usr/local/texlive/2022/texmf-dist/tex/latex/varwidth/varwidth.sty
Package: varwidth 2009/03/30 ver 0.92;  Variable-width minipages
\@vwid@box=\box60
\sift@deathcycles=\count295
\@vwid@loff=\dimen176
\@vwid@roff=\dimen177
)) (/usr/local/texlive/2022/texmf-dist/tex/latex/caption/subcaption.sty
Package: subcaption 2022/01/07 v1.5 Sub-captions (AR)
 (/usr/local/texlive/2022/texmf-dist/tex/latex/caption/caption.sty
Package: caption 2022/03/01 v3.6b Customizing captions (AR)
 (/usr/local/texlive/2022/texmf-dist/tex/latex/caption/caption3.sty
Package: caption3 2022/03/17 v2.3b caption3 kernel (AR)
\caption@tempdima=\dimen178
\captionmargin=\dimen179
\caption@leftmargin=\dimen180
\caption@rightmargin=\dimen181
\caption@width=\dimen182
\caption@indent=\dimen183
\caption@parindent=\dimen184
\caption@hangindent=\dimen185
Package caption Info: Standard document class detected.
)
\c@caption@flags=\count296
\c@continuedfloat=\count297
Package caption Info: hyperref package is loaded.
Package caption Info: listings package is loaded.
Package caption Info: longtable package is loaded.
 (/usr/local/texlive/2022/texmf-dist/tex/latex/caption/ltcaption.sty
Package: ltcaption 2021/01/08 v1.4c longtable captions (AR)
))
\c@subfigure=\count298
\c@subtable=\count299
) (/usr/local/texlive/2022/texmf-dist/tex/latex/wrapfig/wrapfig.sty
\wrapoverhang=\dimen186
\WF@size=\dimen187
\c@WF@wrappedlines=\count300
\WF@box=\box61
\WF@everypar=\toks24
Package: wrapfig 2003/01/31  v 3.6
) (/usr/local/texlive/2022/texmf-dist/tex/latex/l3backend/l3backend-pdftex.def
File: l3backend-pdftex.def 2022-02-07 L3 backend support: PDF output (pdfTeX)
\l__color_backend_stack_int=\count301
\l__pdf_internal_box=\box62
) (./main.aux (./Argomenti/Capitolo1.aux) (./Argomenti/Capitolo2.aux) (./Argomenti/Capitolo3.aux) (./Argomenti/Capitolo4.aux))
\openout1 = `main.aux'.

LaTeX Font Info:    Checking defaults for OML/cmm/m/it on input line 23.
LaTeX Font Info:    ... okay on input line 23.
LaTeX Font Info:    Checking defaults for OMS/cmsy/m/n on input line 23.
LaTeX Font Info:    ... okay on input line 23.
LaTeX Font Info:    Checking defaults for OT1/cmr/m/n on input line 23.
LaTeX Font Info:    ... okay on input line 23.
LaTeX Font Info:    Checking defaults for T1/cmr/m/n on input line 23.
LaTeX Font Info:    ... okay on input line 23.
LaTeX Font Info:    Checking defaults for TS1/cmr/m/n on input line 23.
LaTeX Font Info:    ... okay on input line 23.
LaTeX Font Info:    Checking defaults for OMX/cmex/m/n on input line 23.
LaTeX Font Info:    ... okay on input line 23.
LaTeX Font Info:    Checking defaults for U/cmr/m/n on input line 23.
LaTeX Font Info:    ... okay on input line 23.
LaTeX Font Info:    Checking defaults for PD1/pdf/m/n on input line 23.
LaTeX Font Info:    ... okay on input line 23.
LaTeX Font Info:    Checking defaults for PU/pdf/m/n on input line 23.
LaTeX Font Info:    ... okay on input line 23.
 (/usr/local/texlive/2022/texmf-dist/tex/context/base/mkii/supp-pdf.mkii
[Loading MPS to PDF converter (version 2006.09.02).]
\scratchcounter=\count302
\scratchdimen=\dimen188
\scratchbox=\box63
\nofMPsegments=\count303
\nofMParguments=\count304
\everyMPshowfont=\toks25
\MPscratchCnt=\count305
\MPscratchDim=\dimen189
\MPnumerator=\count306
\makeMPintoPDFobject=\count307
\everyMPtoPDFconversion=\toks26
) (/usr/local/texlive/2022/texmf-dist/tex/latex/epstopdf-pkg/epstopdf-base.sty
Package: epstopdf-base 2020-01-24 v2.11 Base part for package epstopdf
Package epstopdf-base Info: Redefining graphics rule for `.eps' on input line 485.
 (/usr/local/texlive/2022/texmf-dist/tex/latex/latexconfig/epstopdf-sys.cfg
File: epstopdf-sys.cfg 2010/07/13 v1.3 Configuration of (r)epstopdf for TeX Live
))
LaTeX Info: Redefining \it@ocap on input line 23.
LaTeX Info: Redefining \it@ccap on input line 23.


File italian.ldf warning: 
italian.ldf    With OT1 encoding guillemets are poorly faked
italian.ldf    Use T1 encoding
italian.ldf    or specify a font with command \CaporaliFrom
italian.ldf    See the documentation concerning the babel-italian typesetting 
italian.ldf    on input line 23.

Package hyperref Info: Link coloring OFF on input line 23.
(/usr/local/texlive/2022/texmf-dist/tex/latex/hyperref/nameref.sty
Package: nameref 2021-04-02 v2.47 Cross-referencing by name of section
 (/usr/local/texlive/2022/texmf-dist/tex/latex/refcount/refcount.sty
Package: refcount 2019/12/15 v3.6 Data extraction from label references (HO)
) (/usr/local/texlive/2022/texmf-dist/tex/generic/gettitlestring/gettitlestring.sty
Package: gettitlestring 2019/12/15 v1.6 Cleanup title references (HO)
)
\c@section@level=\count308
)
LaTeX Info: Redefining \ref on input line 23.
LaTeX Info: Redefining \pageref on input line 23.
LaTeX Info: Redefining \nameref on input line 23.
 (./main.out) (./main.out)
\@outlinefile=\write3
\openout3 = `main.out'.

\c@lstlisting=\count309
Package caption Info: Begin \AtBeginDocument code.
Package caption Info: wrapfig package is loaded.
Package caption Info: End \AtBeginDocument code.
<Immagini/FedericoII.png, id=88, 134.75343pt x 139.27031pt>
File: Immagini/FedericoII.png Graphic file (type png)
<use Immagini/FedericoII.png>
Package pdftex.def Info: Immagini/FedericoII.png  used on input line 30.
(pdftex.def)             Requested size: 86.25pt x 89.14117pt.
 [1

{/usr/local/texlive/2022/texmf-var/fonts/map/pdftex/updmap/pdftex.map} <./Immagini/FedericoII.png>] (./main.toc
LaTeX Font Info:    External font `cmex10' loaded for size
(Font)              <7> on input line 4.
LaTeX Font Info:    External font `cmex10' loaded for size
(Font)              <5> on input line 4.
)
\tf@toc=\write4
\openout4 = `main.toc'.

 [2


]
\openout2 = `Argomenti/Capitolo1.aux'.

 (./Argomenti/Capitolo1.tex
Capitolo 1.
Missing character: There is no Ã in font cmr10!
Missing character: There is no   in font cmr10!
Missing character: There is no Ã in font cmr10!
Missing character: There is no ¨ in font cmr10!
Missing character: There is no Ã in font cmr10!
Missing character: There is no   in font cmr10!
Missing character: There is no Ã in font cmr10!
Missing character: There is no ¹ in font cmr10!
Missing character: There is no Ã in font cmr10!
Missing character: There is no   in font cmr10!
Missing character: There is no Ã in font cmr10!
Missing character: There is no   in font cmr10!
Missing character: There is no Ã in font cmr10!
Missing character: There is no   in font cmr10!
Missing character: There is no Ã in font cmr10!
Missing character: There is no   in font cmr10!
Missing character: There is no Ã in font cmr10!
Missing character: There is no   in font cmr10!
Missing character: There is no Ã in font cmr10!
Missing character: There is no   in font cmr10!
Missing character: There is no Ã in font cmti10!
Missing character: There is no   in font cmti10!
Missing character: There is no Ã in font cmr10!
Missing character: There is no ¨ in font cmr10!
Missing character: There is no Ã in font cmr10!
Missing character: There is no ² in font cmr10!
Missing character: There is no Ã in font cmr10!
Missing character: There is no ² in font cmr10!
Missing character: There is no Ã in font cmr10!
Missing character: There is no ¹ in font cmr10!
Missing character: There is no Ã in font cmr10!
Missing character: There is no ¨ in font cmr10!
Missing character: There is no â in font cmr10!
Missing character: There is no € in font cmr10!
Missing character: There is no ™ in font cmr10!
Missing character: There is no Ã in font cmr10!
Missing character: There is no ¨ in font cmr10!
Missing character: There is no â in font cmr10!
Missing character: There is no € in font cmr10!
Missing character: There is no ™ in font cmr10!
Missing character: There is no Ã in font cmr10!
Missing character: There is no   in font cmr10!
Missing character: There is no â in font cmr10!
Missing character: There is no € in font cmr10!
Missing character: There is no ™ in font cmr10!
Missing character: There is no Ã in font cmr10!
Missing character: There is no   in font cmr10!
Missing character: There is no Ã in font cmr10!
Missing character: There is no   in font cmr10!
Missing character: There is no â in font cmr10!
Missing character: There is no € in font cmr10!
Missing character: There is no ™ in font cmr10!
Missing character: There is no Ã in font cmr10!
Missing character: There is no ¨ in font cmr10!
[3


]) [4]
\openout2 = `Argomenti/Capitolo2.aux'.

 (./Argomenti/Capitolo2.tex
Capitolo 2.
) [5




]
\openout2 = `Argomenti/Capitolo3.aux'.

 (./Argomenti/Capitolo3.tex
Capitolo 3.
<Immagini/PDiagram.png, id=139, 6208.19376pt x 3326.4275pt>
File: Immagini/PDiagram.png Graphic file (type png)
<use Immagini/PDiagram.png>
Package pdftex.def Info: Immagini/PDiagram.png  used on input line 4.
(pdftex.def)             Requested size: 310.42787pt x 166.33112pt.
<Immagini/AddArtConf_SD.png, id=140, 2142.0025pt x 1834.855pt>
File: Immagini/AddArtConf_SD.png Graphic file (type png)
<use Immagini/AddArtConf_SD.png>
Package pdftex.def Info: Immagini/AddArtConf_SD.png  used on input line 7.
(pdftex.def)             Requested size: 321.28651pt x 275.21637pt.
[6




 <./Immagini/PDiagram.png>]
<Immagini/checkPermNot_SD.jpg, id=146, 1216.545pt x 865.2325pt>
File: Immagini/checkPermNot_SD.jpg Graphic file (type jpg)
<use Immagini/checkPermNot_SD.jpg>
Package pdftex.def Info: Immagini/checkPermNot_SD.jpg  used on input line 9.
(pdftex.def)             Requested size: 340.63028pt x 242.26344pt.
) [7 <./Immagini/AddArtConf_SD.png>] [8 <./Immagini/checkPermNot_SD.jpg>]
\openout2 = `Argomenti/Capitolo4.aux'.

 (./Argomenti/Capitolo4.tex
Capitolo 4.
Missing character: There is no Ã in font cmr10!
Missing character: There is no ² in font cmr10!
Missing character: There is no Ã in font cmr10!
Missing character: There is no   in font cmr10!
<Immagini/Schermate/Login_Register/LoginPage.png, id=158, 835.12pt x 835.12pt>
File: Immagini/Schermate/Login_Register/LoginPage.png Graphic file (type png)
<use Immagini/Schermate/Login_Register/LoginPage.png>
Package pdftex.def Info: Immagini/Schermate/Login_Register/LoginPage.png  used on input line 14.
(pdftex.def)             Requested size: 208.77948pt x 208.77948pt.
<Immagini/Schermate/Login_Register/RegisterPage.png, id=159, 835.12pt x 835.12pt>
File: Immagini/Schermate/Login_Register/RegisterPage.png Graphic file (type png)
<use Immagini/Schermate/Login_Register/RegisterPage.png>
Package pdftex.def Info: Immagini/Schermate/Login_Register/RegisterPage.png  used on input line 20.
(pdftex.def)             Requested size: 208.77948pt x 208.77948pt.

Underfull \hbox (badness 2799) in paragraph at lines 17--21
\OT1/cmr/m/n/10 Nella Re-gi-ster-Pa-ge l'u-ten-te de-ve riem-pi-re i cam-pi "User-na-me", "Pas-
 []


Underfull \hbox (badness 3449) in paragraph at lines 17--21
\OT1/cmr/m/n/10 sword", "Con-fer-ma Pas-sword" per crea-re un nuo-vo ac-count. Qua-
 []


Underfull \hbox (badness 10000) in paragraph at lines 17--21
\OT1/cmr/m/n/10 lo-ra un ac-count con quel-lo User-na-me do-ves-se gi^^Sa esi-ste-re, op-
 []


Underfull \hbox (badness 10000) in paragraph at lines 17--21
\OT1/cmr/m/n/10 pu-re le due Pas-sword non do-ves-se-ro es-se-re ugua-li, l'ap-pil-ca-ti-
 []


Underfull \hbox (badness 10000) in paragraph at lines 17--21
\OT1/cmr/m/n/10 vo se-gna-ler^^Sa l'er-ro-re e co-lo-rer^^Sa il bor-do del Jtext-field di ros-so.
 []

[9




 <./Immagini/Schermate/Login_Register/LoginPage.png>]
Missing character: There is no Ã in font cmr10!
Missing character: There is no   in font cmr10!
Missing character: There is no Ã in font cmr10!
Missing character: There is no ¨ in font cmr10!
<Immagini/Schermate/Search/SearchPage.png, id=165, 835.12pt x 835.12pt>
File: Immagini/Schermate/Search/SearchPage.png Graphic file (type png)
<use Immagini/Schermate/Search/SearchPage.png>
Package pdftex.def Info: Immagini/Schermate/Search/SearchPage.png  used on input line 27.
(pdftex.def)             Requested size: 208.77948pt x 208.77948pt.
[10 <./Immagini/Schermate/Login_Register/RegisterPage.png>]
<Immagini/Schermate/Search/SearchPage-FiltriLibro.png, id=171, 835.12pt x 835.12pt>
File: Immagini/Schermate/Search/SearchPage-FiltriLibro.png Graphic file (type png)
<use Immagini/Schermate/Search/SearchPage-FiltriLibro.png>
Package pdftex.def Info: Immagini/Schermate/Search/SearchPage-FiltriLibro.png  used on input line 29.
(pdftex.def)             Requested size: 208.77948pt x 208.77948pt.
<Immagini/Schermate/Search/SearchPage-FiltriSerie.png, id=172, 835.12pt x 835.12pt>
File: Immagini/Schermate/Search/SearchPage-FiltriSerie.png Graphic file (type png)
<use Immagini/Schermate/Search/SearchPage-FiltriSerie.png>
Package pdftex.def Info: Immagini/Schermate/Search/SearchPage-FiltriSerie.png  used on input line 31.
(pdftex.def)             Requested size: 208.77948pt x 208.77948pt.
 [11 <./Immagini/Schermate/Search/SearchPage.png> <./Immagini/Schermate/Search/SearchPage-FiltriLibro.png>]
<Immagini/Schermate/Search/SearchPage-FiltriArticoli.png, id=180, 835.12pt x 835.12pt>
File: Immagini/Schermate/Search/SearchPage-FiltriArticoli.png Graphic file (type png)
<use Immagini/Schermate/Search/SearchPage-FiltriArticoli.png>
Package pdftex.def Info: Immagini/Schermate/Search/SearchPage-FiltriArticoli.png  used on input line 33.
(pdftex.def)             Requested size: 208.77948pt x 208.77948pt.
<Immagini/Schermate/Search/SearchPage-FiltriRiviste.png, id=181, 835.12pt x 835.12pt>
File: Immagini/Schermate/Search/SearchPage-FiltriRiviste.png Graphic file (type png)
<use Immagini/Schermate/Search/SearchPage-FiltriRiviste.png>
Package pdftex.def Info: Immagini/Schermate/Search/SearchPage-FiltriRiviste.png  used on input line 35.
(pdftex.def)             Requested size: 208.77948pt x 208.77948pt.
 [12 <./Immagini/Schermate/Search/SearchPage-FiltriSerie.png> <./Immagini/Schermate/Search/SearchPage-FiltriArticoli.png>]
<Immagini/Schermate/Search/ResultPage.png, id=190, 835.12pt x 835.12pt>
File: Immagini/Schermate/Search/ResultPage.png Graphic file (type png)
<use Immagini/Schermate/Search/ResultPage.png>
Package pdftex.def Info: Immagini/Schermate/Search/ResultPage.png  used on input line 38.
(pdftex.def)             Requested size: 208.77948pt x 208.77948pt.
<Immagini/Schermate/Insert/InserisciRisorsaPage.png, id=191, 835.12pt x 835.12pt>
File: Immagini/Schermate/Insert/InserisciRisorsaPage.png Graphic file (type png)
<use Immagini/Schermate/Insert/InserisciRisorsaPage.png>
Package pdftex.def Info: Immagini/Schermate/Insert/InserisciRisorsaPage.png  used on input line 41.
(pdftex.def)             Requested size: 208.77948pt x 208.77948pt.
 [13 <./Immagini/Schermate/Search/SearchPage-FiltriRiviste.png> <./Immagini/Schermate/Search/ResultPage.png>]
<Immagini/Schermate/Insert/InserisciRisorsaPage-Libro.png, id=200, 835.12pt x 835.12pt>
File: Immagini/Schermate/Insert/InserisciRisorsaPage-Libro.png Graphic file (type png)
<use Immagini/Schermate/Insert/InserisciRisorsaPage-Libro.png>
Package pdftex.def Info: Immagini/Schermate/Insert/InserisciRisorsaPage-Libro.png  used on input line 44.
(pdftex.def)             Requested size: 208.77948pt x 208.77948pt.
<Immagini/Schermate/Insert/InserisciRisorsaPage-LibroSerie.png, id=201, 835.12pt x 835.12pt>
File: Immagini/Schermate/Insert/InserisciRisorsaPage-LibroSerie.png Graphic file (type png)
<use Immagini/Schermate/Insert/InserisciRisorsaPage-LibroSerie.png>
Package pdftex.def Info: Immagini/Schermate/Insert/InserisciRisorsaPage-LibroSerie.png  used on input line 46.
(pdftex.def)             Requested size: 208.77948pt x 208.77948pt.
 [14 <./Immagini/Schermate/Insert/InserisciRisorsaPage.png> <./Immagini/Schermate/Insert/InserisciRisorsaPage-Libro.png>]
<Immagini/Schermate/Insert/InserisciRisorsaPage-Articolo.png, id=209, 835.12pt x 835.12pt>
File: Immagini/Schermate/Insert/InserisciRisorsaPage-Articolo.png Graphic file (type png)
<use Immagini/Schermate/Insert/InserisciRisorsaPage-Articolo.png>
Package pdftex.def Info: Immagini/Schermate/Insert/InserisciRisorsaPage-Articolo.png  used on input line 49.
(pdftex.def)             Requested size: 208.77948pt x 208.77948pt.
<Immagini/Schermate/Insert/InserisciRisorsaPage-ArticoloRivista.png, id=210, 835.12pt x 835.12pt>
File: Immagini/Schermate/Insert/InserisciRisorsaPage-ArticoloRivista.png Graphic file (type png)
<use Immagini/Schermate/Insert/InserisciRisorsaPage-ArticoloRivista.png>
Package pdftex.def Info: Immagini/Schermate/Insert/InserisciRisorsaPage-ArticoloRivista.png  used on input line 51.
(pdftex.def)             Requested size: 208.77948pt x 208.77948pt.
 [15 <./Immagini/Schermate/Insert/InserisciRisorsaPage-LibroSerie.png> <./Immagini/Schermate/Insert/InserisciRisorsaPage-Articolo.png>]
<Immagini/Schermate/Insert/InserisciRisorsaPage-ArticoliConferenza.png, id=219, 835.12pt x 835.12pt>
File: Immagini/Schermate/Insert/InserisciRisorsaPage-ArticoliConferenza.png Graphic file (type png)
<use Immagini/Schermate/Insert/InserisciRisorsaPage-ArticoliConferenza.png>
Package pdftex.def Info: Immagini/Schermate/Insert/InserisciRisorsaPage-ArticoliConferenza.png  used on input line 53.
(pdftex.def)             Requested size: 208.77948pt x 208.77948pt.
<Immagini/Schermate/Utente/NotificheUtente.png, id=220, 835.12pt x 835.12pt>
File: Immagini/Schermate/Utente/NotificheUtente.png Graphic file (type png)
<use Immagini/Schermate/Utente/NotificheUtente.png>
Package pdftex.def Info: Immagini/Schermate/Utente/NotificheUtente.png  used on input line 57.
(pdftex.def)             Requested size: 208.77948pt x 208.77948pt.
 [16 <./Immagini/Schermate/Insert/InserisciRisorsaPage-ArticoloRivista.png> <./Immagini/Schermate/Insert/InserisciRisorsaPage-ArticoliConferenza.png>]
<Immagini/Schermate/Utente/RichiediDisponibilitaÌ€.png, id=229, 334.24875pt x 239.89626pt>
File: Immagini/Schermate/Utente/RichiediDisponibilitaÌ€.png Graphic file (type png)
<use Immagini/Schermate/Utente/RichiediDisponibilitaÌ€.png>
Package pdftex.def Info: Immagini/Schermate/Utente/RichiediDisponibilitaÌ€.png  used on input line 59.
(pdftex.def)             Requested size: 167.12396pt x 119.94783pt.
) [17 <./Immagini/Schermate/Utente/NotificheUtente.png> <./Immagini/Schermate/Utente/RichiediDisponibilitaÌ€.png>] (./main.aux (./Argomenti/Capitolo1.aux) (./Argomenti/Capitolo2.aux) (./Argomenti/Capitolo3.aux) (./Argomenti/Capitolo4.aux))
Package rerunfilecheck Info: File `main.out' has not changed.
(rerunfilecheck)             Checksum: 59E301B85210C17FFE4526CF55168A83;3715.
 ) 
Here is how much of TeX's memory you used:
 14257 strings out of 478268
 239059 string characters out of 5846347
 540179 words of memory out of 5000000
 32193 multiletter control sequences out of 15000+600000
 472335 words of font info for 38 fonts, out of 8000000 for 9000
 1141 hyphenation exceptions out of 8191
 83i,7n,131p,877b,499s stack positions out of 10000i,1000n,20000p,200000b,200000s
</usr/local/texlive/2022/texmf-dist/fonts/type1/public/amsfonts/cm/cmbx10.pfb></usr/local/texlive/2022/texmf-dist/fonts/type1/public/amsfonts/cm/cmbx12.pfb></usr/local/texlive/2022/texmf-dist/fonts/type1/public/amsfonts/cm/cmr10.pfb></usr/local/texlive/2022/texmf-dist/fonts/type1/public/amsfonts/cm/cmti10.pfb>
Output written on main.pdf (17 pages, 5292296 bytes).
PDF statistics:
 272 PDF objects out of 1000 (max. 8388607)
 203 compressed objects within 3 object streams
 52 named destinations out of 1000 (max. 500000)
 269 words of extra memory for PDF output out of 10000 (max. 10000000)

